Solar Radiation Inconsistencies Log File, CCWorldweatherGen, V.1.9 for Site: Porto Alegre-Filho Intl AP, BRA
This file lists all hours where the global horizontal raditation of the original EPW file is equal to or exceeds the calculated extraterrestrial horizontal radiation. Where this frequently occurs at a significant level,
i.e. the extraterrestrial radiation is 0 and the global horiziontal radiation exceeds 10 Wh/m2 this may indicate that the EPW file follows the solar time convention instead of the commonly used local standard time convention.

Month,Day,Hour,ExHoRad(calc),GlHoRad(EPW)
1,4,6,29,42
1,5,6,28,40
1,6,6,26,39
1,7,6,25,37
1,9,6,22,34
1,11,6,19,30
1,13,6,16,19
1,15,6,14,26
1,17,6,11,23
1,18,6,10,12
1,19,6,9,9
1,20,6,8,19
1,21,6,7,18
1,22,6,6,17
1,23,6,5,10
1,24,6,4,14
1,25,6,4,13
1,26,6,3,5
1,27,6,2,11
1,28,6,2,10
1,29,6,1,6
1,30,6,1,8
1,31,6,1,3
2,1,6,0,7
2,1,7,168,170
2,2,6,0,7
2,2,7,164,167
2,3,6,0,6
2,4,6,0,5
2,4,7,155,161
2,5,6,0,5
2,5,7,151,158
2,6,6,0,4
2,7,6,0,3
2,8,6,0,1
2,9,6,0,2
2,10,6,0,2
2,10,7,131,140
2,11,6,0,2
2,11,7,127,140
2,12,6,0,1
2,12,7,123,137
2,13,6,0,1
2,19,7,99,117
2,20,7,96,114
2,22,7,90,108
2,27,7,76,86
3,2,7,68,86
3,3,7,66,83
3,4,7,64,73
3,6,7,59,77
3,10,7,51,69
3,12,7,47,61
3,13,7,45,63
3,14,7,44,61
3,15,7,42,59
3,16,7,40,58
3,18,7,37,54
3,20,7,34,51
3,21,7,32,49
3,22,7,31,48
3,23,7,30,46
3,24,7,28,44
3,25,7,27,36
3,26,7,26,42
3,28,7,23,39
3,29,7,22,38
3,30,7,21,21
3,31,7,20,20
4,2,7,18,20
4,3,7,16,34
4,4,7,16,19
4,5,7,15,32
4,6,7,14,30
4,7,7,13,28
4,8,7,12,28
4,8,8,234,234
4,9,7,11,27
4,10,7,10,14
4,11,7,9,22
4,12,7,9,23
4,12,8,220,221
4,13,7,8,21
4,14,7,7,21
4,14,8,214,217
4,15,7,7,20
4,15,8,210,214
4,16,7,6,19
4,17,7,5,18
4,17,8,203,208
4,18,7,5,10
4,19,7,4,14
4,19,8,197,201
4,20,7,4,15
4,20,8,193,200
4,21,7,3,14
4,21,8,190,195
4,22,7,3,13
4,23,7,2,6
4,24,7,2,12
4,24,8,180,188
4,25,7,2,5
4,26,7,1,5
4,27,7,1,4
4,28,7,1,5
4,29,7,1,8
4,29,8,163,174
4,30,7,0,7
4,30,8,159,161
5,1,7,0,6
5,2,7,0,5
5,3,7,0,4
5,4,7,0,2
5,5,7,0,2
5,6,7,0,3
5,7,7,0,2
5,8,7,0,3
5,9,7,0,1
5,10,7,0,2
5,11,7,0,2
5,12,7,0,1
5,13,7,0,1
5,14,7,0,1
5,15,7,0,1
5,15,8,111,112
5,19,7,0,1
5,19,8,100,102
5,20,7,0,1
5,20,8,98,112
5,21,7,0,2
5,24,8,88,92
5,26,8,83,88
5,27,8,81,86
6,1,8,71,95
6,2,8,70,77
6,4,8,66,79
6,7,8,62,85
6,8,8,60,77
6,16,8,51,65
6,19,8,49,62
6,23,8,47,68
6,24,8,46,67
6,26,8,46,67
6,27,8,45,59
7,5,8,46,60
7,10,8,48,59
7,16,8,53,61
7,17,8,54,65
7,19,8,56,72
7,20,8,58,60
7,22,8,61,75
7,23,8,62,78
7,25,8,66,67
7,28,8,72,88
7,29,8,74,91
7,30,8,77,92
7,31,8,79,89
8,1,8,82,84
8,9,8,107,107
8,10,7,0,1
8,11,7,0,1
8,12,7,0,1
8,13,7,0,1
8,14,7,0,2
8,15,7,0,2
8,16,7,0,3
8,17,7,0,3
8,18,7,0,4
8,19,7,0,5
8,20,7,0,2
8,21,7,1,7
8,22,7,1,8
8,23,7,2,9
8,24,7,2,4
8,25,7,3,4
8,26,7,4,5
8,27,7,5,14
8,28,7,6,15
8,29,7,7,17
8,30,7,8,19
8,31,7,10,21
9,1,7,11,26
9,2,7,13,29
9,3,7,15,31
9,6,7,21,39
9,7,7,24,43
9,14,7,45,46
9,15,7,49,72
9,20,7,69,94
9,22,7,78,104
9,24,7,87,112
9,26,7,97,119
9,29,6,0,1
10,1,6,0,1
10,1,7,125,146
10,2,6,0,2
10,2,7,130,146
10,3,6,0,1
10,4,6,0,4
10,4,7,142,155
10,5,6,0,2
10,6,6,0,2
10,7,6,0,7
10,7,7,160,171
10,8,6,0,7
10,9,6,1,3
10,10,6,1,4
10,11,6,1,12
10,11,7,184,189
10,12,6,2,13
10,12,7,190,198
10,13,6,3,15
10,13,7,195,197
10,14,6,4,16
10,14,7,201,202
10,15,6,4,18
10,15,7,206,211
10,16,6,5,10
10,17,6,7,18
10,18,6,8,23
10,18,7,222,224
10,19,6,9,25
10,20,6,10,26
10,23,6,14,32
10,24,6,16,35
10,25,6,18,36
10,26,6,19,38
10,30,6,26,46
11,1,6,29,42
11,2,6,31,43
11,3,6,33,45
11,4,6,34,46
11,5,6,36,48
11,6,6,38,49
11,8,6,41,52
11,10,6,44,55
11,11,6,46,56
11,12,6,47,57
11,13,6,49,58
11,14,6,50,61
11,15,6,51,62
11,16,6,53,63
11,18,6,55,61
11,19,6,56,64
11,21,6,58,65
11,22,6,59,66
11,23,6,60,66
11,24,6,61,67
11,25,6,61,67
11,26,6,62,69
11,28,6,63,68
11,29,6,63,68
11,30,6,63,63
12,1,6,63,85
12,4,6,63,85
12,5,6,63,84
12,7,6,63,84
12,8,6,62,83
12,10,6,61,82
12,11,6,61,81
12,14,6,58,78
12,15,6,57,76
12,19,6,53,72
12,20,6,52,71
12,21,6,50,70
12,22,6,49,68
12,23,6,48,67
12,24,6,46,57
12,26,6,44,62
12,27,6,42,45
12,29,6,39,52
12,30,6,38,56
12,31,6,36,47
